{"numTotalTestSuites":6,"numPassedTestSuites":3,"numFailedTestSuites":3,"numPendingTestSuites":0,"numTotalTests":9,"numPassedTests":6,"numFailedTests":3,"numPendingTests":0,"numTodoTests":0,"snapshot":{"added":0,"failure":false,"filesAdded":0,"filesRemoved":0,"filesRemovedList":[],"filesUnmatched":0,"filesUpdated":0,"matched":0,"total":0,"unchecked":0,"uncheckedKeysByFile":[],"unmatched":0,"updated":0,"didUpdate":false},"startTime":1775453339195,"success":false,"testResults":[{"assertionResults":[{"ancestorTitles":["Rate Limiting Infrastructure","getClientIP"],"fullName":"Rate Limiting Infrastructure getClientIP extracts IP from x-forwarded-for precisely","status":"passed","title":"extracts IP from x-forwarded-for precisely","duration":5.225999999999999,"failureMessages":[],"meta":{},"tags":[]},{"ancestorTitles":["Rate Limiting Infrastructure","getClientIP"],"fullName":"Rate Limiting Infrastructure getClientIP falls back to x-real-ip if forwarded is missing","status":"passed","title":"falls back to x-real-ip if forwarded is missing","duration":0.3172000000000139,"failureMessages":[],"meta":{},"tags":[]},{"ancestorTitles":["Rate Limiting Infrastructure","getClientIP"],"fullName":"Rate Limiting Infrastructure getClientIP defaults to localhost if no headers exist","status":"passed","title":"defaults to localhost if no headers exist","duration":0.20270000000004984,"failureMessages":[],"meta":{},"tags":[]},{"ancestorTitles":["Rate Limiting Infrastructure","In-Memory Limiter Behavior"],"fullName":"Rate Limiting Infrastructure In-Memory Limiter Behavior allows requests iteratively up to maximum","status":"passed","title":"allows requests iteratively up to maximum","duration":1.4558999999999855,"failureMessages":[],"meta":{},"tags":[]},{"ancestorTitles":["Rate Limiting Infrastructure","In-Memory Limiter Behavior"],"fullName":"Rate Limiting Infrastructure In-Memory Limiter Behavior isolates rate limits by identifier natively","status":"passed","title":"isolates rate limits by identifier natively","duration":0.5056999999999903,"failureMessages":[],"meta":{},"tags":[]},{"ancestorTitles":["Rate Limiting Infrastructure","rateLimitResponse"],"fullName":"Rate Limiting Infrastructure rateLimitResponse generates structured 429 payload with exact headers","status":"passed","title":"generates structured 429 payload with exact headers","duration":1.3918999999999642,"failureMessages":[],"meta":{},"tags":[]},{"ancestorTitles":["Rate Limiting Infrastructure","verifyInternalSecret"],"fullName":"Rate Limiting Infrastructure verifyInternalSecret verifies securely provided secret headers","status":"failed","title":"verifies securely provided secret headers","duration":4.098599999999976,"failureMessages":["TypeError: 'process.env' only accepts a configurable, writable, and enumerable data descriptor\n    at Function.defineProperty (<anonymous>)\n    at D:/clausewall/tests/core/rate-limit.test.ts:123:14\n    at file:///D:/clausewall/node_modules/@vitest/runner/dist/chunk-artifact.js:302:11\n    at wrapper (file:///D:/clausewall/node_modules/@vitest/runner/dist/chunk-artifact.js:740:10)\n    at file:///D:/clausewall/node_modules/@vitest/runner/dist/chunk-artifact.js:2295:20\n    at new Promise (<anonymous>)\n    at runWithTimeout (file:///D:/clausewall/node_modules/@vitest/runner/dist/chunk-artifact.js:2262:10)\n    at file:///D:/clausewall/node_modules/@vitest/runner/dist/chunk-artifact.js:2611:52\n    at run (file:///D:/clausewall/node_modules/@vitest/runner/dist/chunk-artifact.js:1140:20)\n    at limiterFn (file:///D:/clausewall/node_modules/@vitest/runner/dist/chunk-artifact.js:1152:59)"],"meta":{},"tags":[]},{"ancestorTitles":["Rate Limiting Infrastructure","verifyInternalSecret"],"fullName":"Rate Limiting Infrastructure verifyInternalSecret rejects malicious or mismatched secrets","status":"failed","title":"rejects malicious or mismatched secrets","duration":1.151899999999955,"failureMessages":["TypeError: 'process.env' only accepts a configurable, writable, and enumerable data descriptor\n    at Function.defineProperty (<anonymous>)\n    at D:/clausewall/tests/core/rate-limit.test.ts:123:14\n    at file:///D:/clausewall/node_modules/@vitest/runner/dist/chunk-artifact.js:302:11\n    at wrapper (file:///D:/clausewall/node_modules/@vitest/runner/dist/chunk-artifact.js:740:10)\n    at file:///D:/clausewall/node_modules/@vitest/runner/dist/chunk-artifact.js:2295:20\n    at new Promise (<anonymous>)\n    at runWithTimeout (file:///D:/clausewall/node_modules/@vitest/runner/dist/chunk-artifact.js:2262:10)\n    at file:///D:/clausewall/node_modules/@vitest/runner/dist/chunk-artifact.js:2611:52\n    at run (file:///D:/clausewall/node_modules/@vitest/runner/dist/chunk-artifact.js:1140:20)\n    at limiterFn (file:///D:/clausewall/node_modules/@vitest/runner/dist/chunk-artifact.js:1152:59)"],"meta":{},"tags":[]},{"ancestorTitles":["Rate Limiting Infrastructure","verifyInternalSecret"],"fullName":"Rate Limiting Infrastructure verifyInternalSecret fails closed securely in production if secret is entirely unconfigured","status":"failed","title":"fails closed securely in production if secret is entirely unconfigured","duration":1.1989999999999554,"failureMessages":["TypeError: 'process.env' only accepts a configurable, writable, and enumerable data descriptor\n    at Function.defineProperty (<anonymous>)\n    at D:/clausewall/tests/core/rate-limit.test.ts:140:14\n    at file:///D:/clausewall/node_modules/@vitest/runner/dist/chunk-artifact.js:302:11\n    at file:///D:/clausewall/node_modules/@vitest/runner/dist/chunk-artifact.js:1893:26\n    at file:///D:/clausewall/node_modules/@vitest/runner/dist/chunk-artifact.js:2316:20\n    at new Promise (<anonymous>)\n    at runWithCancel (file:///D:/clausewall/node_modules/@vitest/runner/dist/chunk-artifact.js:2313:10)\n    at file:///D:/clausewall/node_modules/@vitest/runner/dist/chunk-artifact.js:2295:20\n    at new Promise (<anonymous>)\n    at runWithTimeout (file:///D:/clausewall/node_modules/@vitest/runner/dist/chunk-artifact.js:2262:10)","TypeError: 'process.env' only accepts a configurable, writable, and enumerable data descriptor\n    at Function.defineProperty (<anonymous>)\n    at D:/clausewall/tests/core/rate-limit.test.ts:123:14\n    at file:///D:/clausewall/node_modules/@vitest/runner/dist/chunk-artifact.js:302:11\n    at wrapper (file:///D:/clausewall/node_modules/@vitest/runner/dist/chunk-artifact.js:740:10)\n    at file:///D:/clausewall/node_modules/@vitest/runner/dist/chunk-artifact.js:2295:20\n    at new Promise (<anonymous>)\n    at runWithTimeout (file:///D:/clausewall/node_modules/@vitest/runner/dist/chunk-artifact.js:2262:10)\n    at file:///D:/clausewall/node_modules/@vitest/runner/dist/chunk-artifact.js:2611:52\n    at run (file:///D:/clausewall/node_modules/@vitest/runner/dist/chunk-artifact.js:1140:20)\n    at limiterFn (file:///D:/clausewall/node_modules/@vitest/runner/dist/chunk-artifact.js:1152:59)"],"meta":{},"tags":[]}],"startTime":1775453339863,"endTime":1775453339879.199,"status":"failed","message":"","name":"D:/clausewall/tests/core/rate-limit.test.ts"}]}
